==============================================================================
Suites                                                                        
==============================================================================
Suites.Tc Links                                                               
==============================================================================
links                                                                 9
| PASS |
------------------------------------------------------------------------------
linklist                                                              9


Home
Posts (Atom)

Tooltips
ThemeRoller
mariusFM77
Blogger
| PASS |
------------------------------------------------------------------------------
Suites.Tc Links                                                       | PASS |
2 tests, 2 passed, 0 failed
==============================================================================
Suites                                                                | PASS |
2 tests, 2 passed, 0 failed
==============================================================================
Output:  C:\Users\Harsha\PycharmProjects\pythonProject3\Results\pabot_results\6\output.xml
