==============================================================================
Suites                                                                        
==============================================================================
Suites.Tc Forloop                                                             
==============================================================================
for_loop1                                                             1
2
3
4
5
6
7
8
9
| PASS |
------------------------------------------------------------------------------
Suites.Tc Forloop                                                     | PASS |
1 test, 1 passed, 0 failed
==============================================================================
Suites                                                                | PASS |
1 test, 1 passed, 0 failed
==============================================================================
Output:  C:\Users\Harsha\PycharmProjects\pythonProject3\Results\pabot_results\2\output.xml
