==============================================================================
Suites                                                                        
==============================================================================
Suites.Tc Datadriven                                                          
==============================================================================
right user empty password                                             | PASS |
------------------------------------------------------------------------------
right user wrong password                                             | PASS |
------------------------------------------------------------------------------
wrong user empty password                                             | PASS |
------------------------------------------------------------------------------
wrong user wrong password                                             | PASS |
------------------------------------------------------------------------------
wrong user right password                                             | PASS |
------------------------------------------------------------------------------
Suites.Tc Datadriven                                                  | PASS |
5 tests, 5 passed, 0 failed
==============================================================================
Suites                                                                | PASS |
5 tests, 5 passed, 0 failed
==============================================================================
Output:  C:\Users\Harsha\PycharmProjects\pythonProject3\pabot_results\1\output.xml
