==============================================================================
Suites                                                                        
==============================================================================
Suites.Tc Setup Teardown                                                      
==============================================================================
open my browser
TC1                                                                   harsha
SRI
kamesh
| PASS |
------------------------------------------------------------------------------
TC2                                                                   harsha
SAI
kamesh
| PASS |
------------------------------------------------------------------------------
close
Suites.Tc Setup Teardown                                              | PASS |
2 tests, 2 passed, 0 failed
==============================================================================
Suites                                                                | PASS |
2 tests, 2 passed, 0 failed
==============================================================================
Output:  C:\Users\Harsha\PycharmProjects\pythonProject3\pabot_results\10\output.xml
